Arguments: 
  C:\Program Files\nodejs\node.exe C:\Program Files (x86)\Yarn\bin\yarn.js install

PATH: 
  C:\Users\DELL\Desktop\JZHU\tyre\node_modules\.bin;C:\Program Files\Git\cmd;C:\Program Files\Java\jdk1.8.0_301\bin;C:\Program Files (x86)\Yarn\bin\;C:\Program Files (x86)\Common Files\Oracle\Java\javapath;D:\bin\;C:\WINDOWS\system32;C:\WINDOWS;C:\WINDOWS\System32\Wbem;C:\WINDOWS\System32\WindowsPowerShell\v1.0\;C:\WINDOWS\System32\OpenSSH\;C:\Program Files\Microsoft VS Code\bin;C:\Program Files\nodejs\;C:\Users\DELL\AppData\Local\Microsoft\WindowsApps;C:\Users\DELL\AppData\Local\Yarn\bin;D:\WebStorm 2021.2\bin;C:\Users\DELL\AppData\Roaming\npm

Yarn version: 
  1.22.5

Node version: 
  14.17.6

Platform: 
  win32 x64

Trace: 
  Error: EPERM: operation not permitted, unlink 'C:\Users\DELL\Desktop\JZHU\tyre\node_modules\deasync\bin\win32-x64-node-14\deasync.node'

npm manifest: 
  {
    "name": "tyrei",
    "version": "0.0.3",
    "description": "这是一个UI",
    "main": "dist/index.js",
    "scripts": {
      "dev-test": "parcel watch test/* --no-cache & karma start",
      "test": "parcel build test/* --no-minify && karma start --single-run"
    },
    "repository": {
      "type": "git",
      "url": "git+https://github.com/91jzhu/tyre.git"
    },
    "keywords": [
      "vue",
      "ui"
    ],
    "author": "91jzhu",
    "license": "MIT",
    "bugs": {
      "url": "https://github.com/91jzhu/tyre/issues"
    },
    "homepage": "https://github.com/91jzhu/tyre#readme",
    "dependencies": {
      "mkdirp": "^1.0.4",
      "test.js": "^1.0.0",
      "vue": "^2.6.14",
      "vue-hot-reload-api": "^2.3.4"
    },
    "devDependencies": {
      "@vue/component-compiler-utils": "^3.2.2",
      "chai": "^4.3.4",
      "chai-spies": "^1.0.0",
      "karma": "^6.3.4",
      "karma-chai": "^0.1.0",
      "karma-chai-spies": "^0.1.4",
      "karma-chrome-launcher": "^3.1.0",
      "karma-mocha": "^2.0.1",
      "karma-sinon-chai": "^2.0.2",
      "mocha": "^9.1.2",
      "parcel-bundler": "^1.12.5",
      "sass": "^1.32.6",
      "sinon": "^11.1.2",
      "sinon-chai": "^3.7.0",
      "vue-template-compiler": "^2.6.14"
    },
    "alias": {
      "vue": "./node_modules/vue/dist/vue.common.js"
    }
  }

yarn manifest: 
  No manifest

Lockfile: 
  No lockfile
